Classic Timing Analyzer report for clock
Fri Mar 27 11:59:53 2026
Quartus II Version 9.0 Build 235 06/17/2009 Service Pack 2 SJ Web Edition


---------------------
; Table of Contents ;
---------------------
  1. Legal Notice
  2. Timing Analyzer Summary
  3. Timing Analyzer Settings
  4. Clock Settings Summary
  5. Parallel Compilation
  6. Clock Setup: 'clk_1k'
  7. tco
  8. Timing Analyzer Messages



----------------
; Legal Notice ;
----------------
Copyright (C) 1991-2009 Altera Corporation
Your use of Altera Corporation's design tools, logic functions 
and other software and tools, and its AMPP partner logic 
functions, and any output files from any of the foregoing 
(including device programming or simulation files), and any 
associated documentation or information are expressly subject 
to the terms and conditions of the Altera Program License 
Subscription Agreement, Altera MegaCore Function License 
Agreement, or other applicable license agreement, including, 
without limitation, that your use is for the sole purpose of 
programming logic devices manufactured by Altera and sold by 
Altera or its authorized distributors.  Please refer to the 
applicable agreement for further details.



+--------------------------------------------------------------------------------------------------------------------------------------------------------------------------------------------------------+
; Timing Analyzer Summary                                                                                                                                                                                ;
+------------------------------+-------+---------------+----------------------------------+-----------------------+-----------------------------------------------+------------+----------+--------------+
; Type                         ; Slack ; Required Time ; Actual Time                      ; From                  ; To                                            ; From Clock ; To Clock ; Failed Paths ;
+------------------------------+-------+---------------+----------------------------------+-----------------------+-----------------------------------------------+------------+----------+--------------+
; Worst-case tco               ; N/A   ; None          ; 24.000 ns                        ; cnt60:u_sec|q_unit[3] ; sec_unit_seg[4]                               ; clk_1k     ; --       ; 0            ;
; Clock Setup: 'clk_1k'        ; N/A   ; None          ; 71.43 MHz ( period = 14.000 ns ) ; cnt24:u_hour|q_ten[0] ; cnt24:u_hour|lpm_counter:q_unit_rtl_0|dffs[2] ; clk_1k     ; clk_1k   ; 0            ;
; Total number of failed paths ;       ;               ;                                  ;                       ;                                               ;            ;          ; 0            ;
+------------------------------+-------+---------------+----------------------------------+-----------------------+-----------------------------------------------+------------+----------+--------------+


+--------------------------------------------------------------------------------------------------------------------+
; Timing Analyzer Settings                                                                                           ;
+---------------------------------------------------------------------+--------------------+------+----+-------------+
; Option                                                              ; Setting            ; From ; To ; Entity Name ;
+---------------------------------------------------------------------+--------------------+------+----+-------------+
; Device Name                                                         ; EPM7128SLC84-15    ;      ;    ;             ;
; Timing Models                                                       ; Final              ;      ;    ;             ;
; Default hold multicycle                                             ; Same as Multicycle ;      ;    ;             ;
; Cut paths between unrelated clock domains                           ; On                 ;      ;    ;             ;
; Cut off read during write signal paths                              ; On                 ;      ;    ;             ;
; Cut off feedback from I/O pins                                      ; On                 ;      ;    ;             ;
; Report Combined Fast/Slow Timing                                    ; Off                ;      ;    ;             ;
; Ignore Clock Settings                                               ; Off                ;      ;    ;             ;
; Analyze latches as synchronous elements                             ; On                 ;      ;    ;             ;
; Enable Recovery/Removal analysis                                    ; Off                ;      ;    ;             ;
; Enable Clock Latency                                                ; Off                ;      ;    ;             ;
; Use TimeQuest Timing Analyzer                                       ; Off                ;      ;    ;             ;
; Minimum Core Junction Temperature                                   ; 0                  ;      ;    ;             ;
; Maximum Core Junction Temperature                                   ; 85                 ;      ;    ;             ;
; Number of source nodes to report per destination node               ; 10                 ;      ;    ;             ;
; Number of destination nodes to report                               ; 10                 ;      ;    ;             ;
; Number of paths to report                                           ; 200                ;      ;    ;             ;
; Report Minimum Timing Checks                                        ; Off                ;      ;    ;             ;
; Use Fast Timing Models                                              ; Off                ;      ;    ;             ;
; Report IO Paths Separately                                          ; Off                ;      ;    ;             ;
; Perform Multicorner Analysis                                        ; Off                ;      ;    ;             ;
; Reports the worst-case path for each clock domain and analysis      ; Off                ;      ;    ;             ;
; Removes common clock path pessimism (CCPP) during slack computation ; Off                ;      ;    ;             ;
; Output I/O Timing Endpoint                                          ; Near End           ;      ;    ;             ;
+---------------------------------------------------------------------+--------------------+------+----+-------------+


+------------------------------------------------------------------------------------------------------------------------------------------------------------------------------------+
; Clock Settings Summary                                                                                                                                                             ;
+-----------------+--------------------+----------+------------------+---------------+--------------+----------+-----------------------+---------------------+--------+--------------+
; Clock Node Name ; Clock Setting Name ; Type     ; Fmax Requirement ; Early Latency ; Late Latency ; Based on ; Multiply Base Fmax by ; Divide Base Fmax by ; Offset ; Phase offset ;
+-----------------+--------------------+----------+------------------+---------------+--------------+----------+-----------------------+---------------------+--------+--------------+
; clk_1k          ;                    ; User Pin ; None             ; 0.000 ns      ; 0.000 ns     ; --       ; N/A                   ; N/A                 ; N/A    ;              ;
+-----------------+--------------------+----------+------------------+---------------+--------------+----------+-----------------------+---------------------+--------+--------------+


Parallel compilation was disabled, but you have multiple processors available. Enable parallel compilation to reduce compilation time.
+-------------------------------------+
; Parallel Compilation                ;
+----------------------------+--------+
; Processors                 ; Number ;
+----------------------------+--------+
; Number detected on machine ; 16     ;
; Maximum allowed            ; 1      ;
+----------------------------+--------+


+-----------------------------------------------------------------------------------------------------------------------------------------------------------------------------------------------------------------------------------------------------------------------------------------------------------+
; Clock Setup: 'clk_1k'                                                                                                                                                                                                                                                                                     ;
+-----------------------------------------+-----------------------------------------------------+-----------------------------------------------+-----------------------------------------------+------------+----------+-----------------------------+---------------------------+-------------------------+
; Slack                                   ; Actual fmax (period)                                ; From                                          ; To                                            ; From Clock ; To Clock ; Required Setup Relationship ; Required Longest P2P Time ; Actual Longest P2P Time ;
+-----------------------------------------+-----------------------------------------------------+-----------------------------------------------+-----------------------------------------------+------------+----------+-----------------------------+---------------------------+-------------------------+
; N/A                                     ; 71.43 MHz ( period = 14.000 ns )                    ; clk_ring:u_clk_div|cnt[0]                     ; clk_ring:u_clk_div|cnt[3]                     ; clk_1k     ; clk_1k   ; None                        ; None                      ; 9.000 ns                ;
; N/A                                     ; 71.43 MHz ( period = 14.000 ns )                    ; clk_ring:u_clk_div|cnt[1]                     ; clk_ring:u_clk_div|cnt[3]                     ; clk_1k     ; clk_1k   ; None                        ; None                      ; 9.000 ns                ;
; N/A                                     ; 71.43 MHz ( period = 14.000 ns )                    ; clk_ring:u_clk_div|cnt[2]                     ; clk_ring:u_clk_div|cnt[3]                     ; clk_1k     ; clk_1k   ; None                        ; None                      ; 9.000 ns                ;
; N/A                                     ; 71.43 MHz ( period = 14.000 ns )                    ; clk_ring:u_clk_div|cnt[9]                     ; clk_ring:u_clk_div|cnt[3]                     ; clk_1k     ; clk_1k   ; None                        ; None                      ; 9.000 ns                ;
; N/A                                     ; 71.43 MHz ( period = 14.000 ns )                    ; clk_ring:u_clk_div|cnt[8]                     ; clk_ring:u_clk_div|cnt[3]                     ; clk_1k     ; clk_1k   ; None                        ; None                      ; 9.000 ns                ;
; N/A                                     ; 71.43 MHz ( period = 14.000 ns )                    ; clk_ring:u_clk_div|cnt[4]                     ; clk_ring:u_clk_div|cnt[3]                     ; clk_1k     ; clk_1k   ; None                        ; None                      ; 9.000 ns                ;
; N/A                                     ; 71.43 MHz ( period = 14.000 ns )                    ; clk_ring:u_clk_div|cnt[5]                     ; clk_ring:u_clk_div|cnt[3]                     ; clk_1k     ; clk_1k   ; None                        ; None                      ; 9.000 ns                ;
; N/A                                     ; 71.43 MHz ( period = 14.000 ns )                    ; clk_ring:u_clk_div|cnt[7]                     ; clk_ring:u_clk_div|cnt[3]                     ; clk_1k     ; clk_1k   ; None                        ; None                      ; 9.000 ns                ;
; N/A                                     ; 71.43 MHz ( period = 14.000 ns )                    ; clk_ring:u_clk_div|cnt[6]                     ; clk_ring:u_clk_div|cnt[3]                     ; clk_1k     ; clk_1k   ; None                        ; None                      ; 9.000 ns                ;
; N/A                                     ; 71.43 MHz ( period = 14.000 ns )                    ; clk_ring:u_clk_div|cnt[0]                     ; cnt24:u_hour|lpm_counter:q_unit_rtl_0|dffs[2] ; clk_1k     ; clk_1k   ; None                        ; None                      ; 9.000 ns                ;
; N/A                                     ; 71.43 MHz ( period = 14.000 ns )                    ; clk_ring:u_clk_div|cnt[1]                     ; cnt24:u_hour|lpm_counter:q_unit_rtl_0|dffs[2] ; clk_1k     ; clk_1k   ; None                        ; None                      ; 9.000 ns                ;
; N/A                                     ; 71.43 MHz ( period = 14.000 ns )                    ; clk_ring:u_clk_div|cnt[2]                     ; cnt24:u_hour|lpm_counter:q_unit_rtl_0|dffs[2] ; clk_1k     ; clk_1k   ; None                        ; None                      ; 9.000 ns                ;
; N/A                                     ; 71.43 MHz ( period = 14.000 ns )                    ; clk_ring:u_clk_div|cnt[3]                     ; cnt24:u_hour|lpm_counter:q_unit_rtl_0|dffs[2] ; clk_1k     ; clk_1k   ; None                        ; None                      ; 9.000 ns                ;
; N/A                                     ; 71.43 MHz ( period = 14.000 ns )                    ; clk_ring:u_clk_div|cnt[9]                     ; cnt24:u_hour|lpm_counter:q_unit_rtl_0|dffs[2] ; clk_1k     ; clk_1k   ; None                        ; None                      ; 9.000 ns                ;
; N/A                                     ; 71.43 MHz ( period = 14.000 ns )                    ; clk_ring:u_clk_div|cnt[8]                     ; cnt24:u_hour|lpm_counter:q_unit_rtl_0|dffs[2] ; clk_1k     ; clk_1k   ; None                        ; None                      ; 9.000 ns                ;
; N/A                                     ; 71.43 MHz ( period = 14.000 ns )                    ; clk_ring:u_clk_div|cnt[4]                     ; cnt24:u_hour|lpm_counter:q_unit_rtl_0|dffs[2] ; clk_1k     ; clk_1k   ; None                        ; None                      ; 9.000 ns                ;
; N/A                                     ; 71.43 MHz ( period = 14.000 ns )                    ; clk_ring:u_clk_div|cnt[5]                     ; cnt24:u_hour|lpm_counter:q_unit_rtl_0|dffs[2] ; clk_1k     ; clk_1k   ; None                        ; None                      ; 9.000 ns                ;
; N/A                                     ; 71.43 MHz ( period = 14.000 ns )                    ; clk_ring:u_clk_div|cnt[7]                     ; cnt24:u_hour|lpm_counter:q_unit_rtl_0|dffs[2] ; clk_1k     ; clk_1k   ; None                        ; None                      ; 9.000 ns                ;
; N/A                                     ; 71.43 MHz ( period = 14.000 ns )                    ; clk_ring:u_clk_div|cnt[6]                     ; cnt24:u_hour|lpm_counter:q_unit_rtl_0|dffs[2] ; clk_1k     ; clk_1k   ; None                        ; None                      ; 9.000 ns                ;
; N/A                                     ; 71.43 MHz ( period = 14.000 ns )                    ; cnt60:u_sec|q_unit[0]                         ; cnt24:u_hour|lpm_counter:q_unit_rtl_0|dffs[2] ; clk_1k     ; clk_1k   ; None                        ; None                      ; 9.000 ns                ;
; N/A                                     ; 71.43 MHz ( period = 14.000 ns )                    ; cnt60:u_sec|q_unit[2]                         ; cnt24:u_hour|lpm_counter:q_unit_rtl_0|dffs[2] ; clk_1k     ; clk_1k   ; None                        ; None                      ; 9.000 ns                ;
; N/A                                     ; 71.43 MHz ( period = 14.000 ns )                    ; cnt60:u_sec|q_unit[1]                         ; cnt24:u_hour|lpm_counter:q_unit_rtl_0|dffs[2] ; clk_1k     ; clk_1k   ; None                        ; None                      ; 9.000 ns                ;
; N/A                                     ; 71.43 MHz ( period = 14.000 ns )                    ; cnt60:u_sec|q_unit[3]                         ; cnt24:u_hour|lpm_counter:q_unit_rtl_0|dffs[2] ; clk_1k     ; clk_1k   ; None                        ; None                      ; 9.000 ns                ;
; N/A                                     ; 71.43 MHz ( period = 14.000 ns )                    ; cnt60:u_sec|q_ten[0]                          ; cnt24:u_hour|lpm_counter:q_unit_rtl_0|dffs[2] ; clk_1k     ; clk_1k   ; None                        ; None                      ; 9.000 ns                ;
; N/A                                     ; 71.43 MHz ( period = 14.000 ns )                    ; cnt60:u_sec|q_ten[2]                          ; cnt24:u_hour|lpm_counter:q_unit_rtl_0|dffs[2] ; clk_1k     ; clk_1k   ; None                        ; None                      ; 9.000 ns                ;
; N/A                                     ; 71.43 MHz ( period = 14.000 ns )                    ; cnt60:u_sec|q_ten[3]                          ; cnt24:u_hour|lpm_counter:q_unit_rtl_0|dffs[2] ; clk_1k     ; clk_1k   ; None                        ; None                      ; 9.000 ns                ;
; N/A                                     ; 71.43 MHz ( period = 14.000 ns )                    ; cnt60:u_sec|q_ten[1]                          ; cnt24:u_hour|lpm_counter:q_unit_rtl_0|dffs[2] ; clk_1k     ; clk_1k   ; None                        ; None                      ; 9.000 ns                ;
; N/A                                     ; 71.43 MHz ( period = 14.000 ns )                    ; cnt60:u_min|q_unit[0]                         ; cnt24:u_hour|lpm_counter:q_unit_rtl_0|dffs[2] ; clk_1k     ; clk_1k   ; None                        ; None                      ; 9.000 ns                ;
; N/A                                     ; 71.43 MHz ( period = 14.000 ns )                    ; cnt60:u_min|q_unit[2]                         ; cnt24:u_hour|lpm_counter:q_unit_rtl_0|dffs[2] ; clk_1k     ; clk_1k   ; None                        ; None                      ; 9.000 ns                ;
; N/A                                     ; 71.43 MHz ( period = 14.000 ns )                    ; cnt60:u_min|q_unit[1]                         ; cnt24:u_hour|lpm_counter:q_unit_rtl_0|dffs[2] ; clk_1k     ; clk_1k   ; None                        ; None                      ; 9.000 ns                ;
; N/A                                     ; 71.43 MHz ( period = 14.000 ns )                    ; cnt60:u_min|q_unit[3]                         ; cnt24:u_hour|lpm_counter:q_unit_rtl_0|dffs[2] ; clk_1k     ; clk_1k   ; None                        ; None                      ; 9.000 ns                ;
; N/A                                     ; 71.43 MHz ( period = 14.000 ns )                    ; cnt60:u_min|q_ten[0]                          ; cnt24:u_hour|lpm_counter:q_unit_rtl_0|dffs[2] ; clk_1k     ; clk_1k   ; None                        ; None                      ; 9.000 ns                ;
; N/A                                     ; 71.43 MHz ( period = 14.000 ns )                    ; cnt60:u_min|q_ten[2]                          ; cnt24:u_hour|lpm_counter:q_unit_rtl_0|dffs[2] ; clk_1k     ; clk_1k   ; None                        ; None                      ; 9.000 ns                ;
; N/A                                     ; 71.43 MHz ( period = 14.000 ns )                    ; cnt60:u_min|q_ten[3]                          ; cnt24:u_hour|lpm_counter:q_unit_rtl_0|dffs[2] ; clk_1k     ; clk_1k   ; None                        ; None                      ; 9.000 ns                ;
; N/A                                     ; 71.43 MHz ( period = 14.000 ns )                    ; cnt60:u_min|q_ten[1]                          ; cnt24:u_hour|lpm_counter:q_unit_rtl_0|dffs[2] ; clk_1k     ; clk_1k   ; None                        ; None                      ; 9.000 ns                ;
; N/A                                     ; 71.43 MHz ( period = 14.000 ns )                    ; cnt24:u_hour|lpm_counter:q_unit_rtl_0|dffs[0] ; cnt24:u_hour|lpm_counter:q_unit_rtl_0|dffs[2] ; clk_1k     ; clk_1k   ; None                        ; None                      ; 9.000 ns                ;
; N/A                                     ; 71.43 MHz ( period = 14.000 ns )                    ; cnt24:u_hour|lpm_counter:q_unit_rtl_0|dffs[1] ; cnt24:u_hour|lpm_counter:q_unit_rtl_0|dffs[2] ; clk_1k     ; clk_1k   ; None                        ; None                      ; 9.000 ns                ;
; N/A                                     ; 71.43 MHz ( period = 14.000 ns )                    ; cnt24:u_hour|lpm_counter:q_unit_rtl_0|dffs[3] ; cnt24:u_hour|lpm_counter:q_unit_rtl_0|dffs[2] ; clk_1k     ; clk_1k   ; None                        ; None                      ; 9.000 ns                ;
; N/A                                     ; 71.43 MHz ( period = 14.000 ns )                    ; cnt24:u_hour|q_ten[0]                         ; cnt24:u_hour|lpm_counter:q_unit_rtl_0|dffs[2] ; clk_1k     ; clk_1k   ; None                        ; None                      ; 9.000 ns                ;
; N/A                                     ; 76.92 MHz ( period = 13.000 ns )                    ; clk_ring:u_clk_div|cnt[0]                     ; cnt24:u_hour|lpm_counter:q_unit_rtl_0|dffs[3] ; clk_1k     ; clk_1k   ; None                        ; None                      ; 8.000 ns                ;
; N/A                                     ; 76.92 MHz ( period = 13.000 ns )                    ; clk_ring:u_clk_div|cnt[1]                     ; cnt24:u_hour|lpm_counter:q_unit_rtl_0|dffs[3] ; clk_1k     ; clk_1k   ; None                        ; None                      ; 8.000 ns                ;
; N/A                                     ; 76.92 MHz ( period = 13.000 ns )                    ; clk_ring:u_clk_div|cnt[2]                     ; cnt24:u_hour|lpm_counter:q_unit_rtl_0|dffs[3] ; clk_1k     ; clk_1k   ; None                        ; None                      ; 8.000 ns                ;
; N/A                                     ; 76.92 MHz ( period = 13.000 ns )                    ; clk_ring:u_clk_div|cnt[3]                     ; cnt24:u_hour|lpm_counter:q_unit_rtl_0|dffs[3] ; clk_1k     ; clk_1k   ; None                        ; None                      ; 8.000 ns                ;
; N/A                                     ; 76.92 MHz ( period = 13.000 ns )                    ; clk_ring:u_clk_div|cnt[9]                     ; cnt24:u_hour|lpm_counter:q_unit_rtl_0|dffs[3] ; clk_1k     ; clk_1k   ; None                        ; None                      ; 8.000 ns                ;
; N/A                                     ; 76.92 MHz ( period = 13.000 ns )                    ; clk_ring:u_clk_div|cnt[8]                     ; cnt24:u_hour|lpm_counter:q_unit_rtl_0|dffs[3] ; clk_1k     ; clk_1k   ; None                        ; None                      ; 8.000 ns                ;
; N/A                                     ; 76.92 MHz ( period = 13.000 ns )                    ; clk_ring:u_clk_div|cnt[4]                     ; cnt24:u_hour|lpm_counter:q_unit_rtl_0|dffs[3] ; clk_1k     ; clk_1k   ; None                        ; None                      ; 8.000 ns                ;
; N/A                                     ; 76.92 MHz ( period = 13.000 ns )                    ; clk_ring:u_clk_div|cnt[5]                     ; cnt24:u_hour|lpm_counter:q_unit_rtl_0|dffs[3] ; clk_1k     ; clk_1k   ; None                        ; None                      ; 8.000 ns                ;
; N/A                                     ; 76.92 MHz ( period = 13.000 ns )                    ; clk_ring:u_clk_div|cnt[7]                     ; cnt24:u_hour|lpm_counter:q_unit_rtl_0|dffs[3] ; clk_1k     ; clk_1k   ; None                        ; None                      ; 8.000 ns                ;
; N/A                                     ; 76.92 MHz ( period = 13.000 ns )                    ; clk_ring:u_clk_div|cnt[6]                     ; cnt24:u_hour|lpm_counter:q_unit_rtl_0|dffs[3] ; clk_1k     ; clk_1k   ; None                        ; None                      ; 8.000 ns                ;
; N/A                                     ; 76.92 MHz ( period = 13.000 ns )                    ; cnt60:u_sec|q_unit[0]                         ; cnt24:u_hour|lpm_counter:q_unit_rtl_0|dffs[3] ; clk_1k     ; clk_1k   ; None                        ; None                      ; 8.000 ns                ;
; N/A                                     ; 76.92 MHz ( period = 13.000 ns )                    ; cnt60:u_sec|q_unit[2]                         ; cnt24:u_hour|lpm_counter:q_unit_rtl_0|dffs[3] ; clk_1k     ; clk_1k   ; None                        ; None                      ; 8.000 ns                ;
; N/A                                     ; 76.92 MHz ( period = 13.000 ns )                    ; cnt60:u_sec|q_unit[1]                         ; cnt24:u_hour|lpm_counter:q_unit_rtl_0|dffs[3] ; clk_1k     ; clk_1k   ; None                        ; None                      ; 8.000 ns                ;
; N/A                                     ; 76.92 MHz ( period = 13.000 ns )                    ; cnt60:u_sec|q_unit[3]                         ; cnt24:u_hour|lpm_counter:q_unit_rtl_0|dffs[3] ; clk_1k     ; clk_1k   ; None                        ; None                      ; 8.000 ns                ;
; N/A                                     ; 76.92 MHz ( period = 13.000 ns )                    ; cnt60:u_sec|q_ten[0]                          ; cnt24:u_hour|lpm_counter:q_unit_rtl_0|dffs[3] ; clk_1k     ; clk_1k   ; None                        ; None                      ; 8.000 ns                ;
; N/A                                     ; 76.92 MHz ( period = 13.000 ns )                    ; cnt60:u_sec|q_ten[2]                          ; cnt24:u_hour|lpm_counter:q_unit_rtl_0|dffs[3] ; clk_1k     ; clk_1k   ; None                        ; None                      ; 8.000 ns                ;
; N/A                                     ; 76.92 MHz ( period = 13.000 ns )                    ; cnt60:u_sec|q_ten[3]                          ; cnt24:u_hour|lpm_counter:q_unit_rtl_0|dffs[3] ; clk_1k     ; clk_1k   ; None                        ; None                      ; 8.000 ns                ;
; N/A                                     ; 76.92 MHz ( period = 13.000 ns )                    ; cnt60:u_sec|q_ten[1]                          ; cnt24:u_hour|lpm_counter:q_unit_rtl_0|dffs[3] ; clk_1k     ; clk_1k   ; None                        ; None                      ; 8.000 ns                ;
; N/A                                     ; 76.92 MHz ( period = 13.000 ns )                    ; cnt60:u_min|q_unit[0]                         ; cnt24:u_hour|lpm_counter:q_unit_rtl_0|dffs[3] ; clk_1k     ; clk_1k   ; None                        ; None                      ; 8.000 ns                ;
; N/A                                     ; 76.92 MHz ( period = 13.000 ns )                    ; cnt60:u_min|q_unit[2]                         ; cnt24:u_hour|lpm_counter:q_unit_rtl_0|dffs[3] ; clk_1k     ; clk_1k   ; None                        ; None                      ; 8.000 ns                ;
; N/A                                     ; 76.92 MHz ( period = 13.000 ns )                    ; cnt60:u_min|q_unit[1]                         ; cnt24:u_hour|lpm_counter:q_unit_rtl_0|dffs[3] ; clk_1k     ; clk_1k   ; None                        ; None                      ; 8.000 ns                ;
; N/A                                     ; 76.92 MHz ( period = 13.000 ns )                    ; cnt60:u_min|q_unit[3]                         ; cnt24:u_hour|lpm_counter:q_unit_rtl_0|dffs[3] ; clk_1k     ; clk_1k   ; None                        ; None                      ; 8.000 ns                ;
; N/A                                     ; 76.92 MHz ( period = 13.000 ns )                    ; cnt60:u_min|q_ten[0]                          ; cnt24:u_hour|lpm_counter:q_unit_rtl_0|dffs[3] ; clk_1k     ; clk_1k   ; None                        ; None                      ; 8.000 ns                ;
; N/A                                     ; 76.92 MHz ( period = 13.000 ns )                    ; cnt60:u_min|q_ten[2]                          ; cnt24:u_hour|lpm_counter:q_unit_rtl_0|dffs[3] ; clk_1k     ; clk_1k   ; None                        ; None                      ; 8.000 ns                ;
; N/A                                     ; 76.92 MHz ( period = 13.000 ns )                    ; cnt60:u_min|q_ten[3]                          ; cnt24:u_hour|lpm_counter:q_unit_rtl_0|dffs[3] ; clk_1k     ; clk_1k   ; None                        ; None                      ; 8.000 ns                ;
; N/A                                     ; 76.92 MHz ( period = 13.000 ns )                    ; cnt60:u_min|q_ten[1]                          ; cnt24:u_hour|lpm_counter:q_unit_rtl_0|dffs[3] ; clk_1k     ; clk_1k   ; None                        ; None                      ; 8.000 ns                ;
; N/A                                     ; 76.92 MHz ( period = 13.000 ns )                    ; cnt24:u_hour|lpm_counter:q_unit_rtl_0|dffs[0] ; cnt24:u_hour|lpm_counter:q_unit_rtl_0|dffs[3] ; clk_1k     ; clk_1k   ; None                        ; None                      ; 8.000 ns                ;
; N/A                                     ; 76.92 MHz ( period = 13.000 ns )                    ; cnt24:u_hour|lpm_counter:q_unit_rtl_0|dffs[2] ; cnt24:u_hour|lpm_counter:q_unit_rtl_0|dffs[3] ; clk_1k     ; clk_1k   ; None                        ; None                      ; 8.000 ns                ;
; N/A                                     ; 76.92 MHz ( period = 13.000 ns )                    ; cnt24:u_hour|lpm_counter:q_unit_rtl_0|dffs[1] ; cnt24:u_hour|lpm_counter:q_unit_rtl_0|dffs[3] ; clk_1k     ; clk_1k   ; None                        ; None                      ; 8.000 ns                ;
; N/A                                     ; 76.92 MHz ( period = 13.000 ns )                    ; cnt24:u_hour|lpm_counter:q_unit_rtl_0|dffs[3] ; cnt24:u_hour|lpm_counter:q_unit_rtl_0|dffs[3] ; clk_1k     ; clk_1k   ; None                        ; None                      ; 8.000 ns                ;
; N/A                                     ; 76.92 MHz ( period = 13.000 ns )                    ; clk_ring:u_clk_div|cnt[0]                     ; cnt24:u_hour|q_ten[1]                         ; clk_1k     ; clk_1k   ; None                        ; None                      ; 8.000 ns                ;
; N/A                                     ; 76.92 MHz ( period = 13.000 ns )                    ; clk_ring:u_clk_div|cnt[1]                     ; cnt24:u_hour|q_ten[1]                         ; clk_1k     ; clk_1k   ; None                        ; None                      ; 8.000 ns                ;
; N/A                                     ; 76.92 MHz ( period = 13.000 ns )                    ; clk_ring:u_clk_div|cnt[2]                     ; cnt24:u_hour|q_ten[1]                         ; clk_1k     ; clk_1k   ; None                        ; None                      ; 8.000 ns                ;
; N/A                                     ; 76.92 MHz ( period = 13.000 ns )                    ; clk_ring:u_clk_div|cnt[3]                     ; cnt24:u_hour|q_ten[1]                         ; clk_1k     ; clk_1k   ; None                        ; None                      ; 8.000 ns                ;
; N/A                                     ; 76.92 MHz ( period = 13.000 ns )                    ; clk_ring:u_clk_div|cnt[9]                     ; cnt24:u_hour|q_ten[1]                         ; clk_1k     ; clk_1k   ; None                        ; None                      ; 8.000 ns                ;
; N/A                                     ; 76.92 MHz ( period = 13.000 ns )                    ; clk_ring:u_clk_div|cnt[8]                     ; cnt24:u_hour|q_ten[1]                         ; clk_1k     ; clk_1k   ; None                        ; None                      ; 8.000 ns                ;
; N/A                                     ; 76.92 MHz ( period = 13.000 ns )                    ; clk_ring:u_clk_div|cnt[4]                     ; cnt24:u_hour|q_ten[1]                         ; clk_1k     ; clk_1k   ; None                        ; None                      ; 8.000 ns                ;
; N/A                                     ; 76.92 MHz ( period = 13.000 ns )                    ; clk_ring:u_clk_div|cnt[5]                     ; cnt24:u_hour|q_ten[1]                         ; clk_1k     ; clk_1k   ; None                        ; None                      ; 8.000 ns                ;
; N/A                                     ; 76.92 MHz ( period = 13.000 ns )                    ; clk_ring:u_clk_div|cnt[7]                     ; cnt24:u_hour|q_ten[1]                         ; clk_1k     ; clk_1k   ; None                        ; None                      ; 8.000 ns                ;
; N/A                                     ; 76.92 MHz ( period = 13.000 ns )                    ; clk_ring:u_clk_div|cnt[6]                     ; cnt24:u_hour|q_ten[1]                         ; clk_1k     ; clk_1k   ; None                        ; None                      ; 8.000 ns                ;
; N/A                                     ; 76.92 MHz ( period = 13.000 ns )                    ; cnt60:u_sec|q_unit[0]                         ; cnt24:u_hour|q_ten[1]                         ; clk_1k     ; clk_1k   ; None                        ; None                      ; 8.000 ns                ;
; N/A                                     ; 76.92 MHz ( period = 13.000 ns )                    ; cnt60:u_sec|q_unit[2]                         ; cnt24:u_hour|q_ten[1]                         ; clk_1k     ; clk_1k   ; None                        ; None                      ; 8.000 ns                ;
; N/A                                     ; 76.92 MHz ( period = 13.000 ns )                    ; cnt60:u_sec|q_unit[1]                         ; cnt24:u_hour|q_ten[1]                         ; clk_1k     ; clk_1k   ; None                        ; None                      ; 8.000 ns                ;
; N/A                                     ; 76.92 MHz ( period = 13.000 ns )                    ; cnt60:u_sec|q_unit[3]                         ; cnt24:u_hour|q_ten[1]                         ; clk_1k     ; clk_1k   ; None                        ; None                      ; 8.000 ns                ;
; N/A                                     ; 76.92 MHz ( period = 13.000 ns )                    ; cnt60:u_sec|q_ten[0]                          ; cnt24:u_hour|q_ten[1]                         ; clk_1k     ; clk_1k   ; None                        ; None                      ; 8.000 ns                ;
; N/A                                     ; 76.92 MHz ( period = 13.000 ns )                    ; cnt60:u_sec|q_ten[2]                          ; cnt24:u_hour|q_ten[1]                         ; clk_1k     ; clk_1k   ; None                        ; None                      ; 8.000 ns                ;
; N/A                                     ; 76.92 MHz ( period = 13.000 ns )                    ; cnt60:u_sec|q_ten[3]                          ; cnt24:u_hour|q_ten[1]                         ; clk_1k     ; clk_1k   ; None                        ; None                      ; 8.000 ns                ;
; N/A                                     ; 76.92 MHz ( period = 13.000 ns )                    ; cnt60:u_sec|q_ten[1]                          ; cnt24:u_hour|q_ten[1]                         ; clk_1k     ; clk_1k   ; None                        ; None                      ; 8.000 ns                ;
; N/A                                     ; 76.92 MHz ( period = 13.000 ns )                    ; cnt60:u_min|q_unit[0]                         ; cnt24:u_hour|q_ten[1]                         ; clk_1k     ; clk_1k   ; None                        ; None                      ; 8.000 ns                ;
; N/A                                     ; 76.92 MHz ( period = 13.000 ns )                    ; cnt60:u_min|q_unit[2]                         ; cnt24:u_hour|q_ten[1]                         ; clk_1k     ; clk_1k   ; None                        ; None                      ; 8.000 ns                ;
; N/A                                     ; 76.92 MHz ( period = 13.000 ns )                    ; cnt60:u_min|q_unit[1]                         ; cnt24:u_hour|q_ten[1]                         ; clk_1k     ; clk_1k   ; None                        ; None                      ; 8.000 ns                ;
; N/A                                     ; 76.92 MHz ( period = 13.000 ns )                    ; cnt60:u_min|q_unit[3]                         ; cnt24:u_hour|q_ten[1]                         ; clk_1k     ; clk_1k   ; None                        ; None                      ; 8.000 ns                ;
; N/A                                     ; 76.92 MHz ( period = 13.000 ns )                    ; cnt60:u_min|q_ten[0]                          ; cnt24:u_hour|q_ten[1]                         ; clk_1k     ; clk_1k   ; None                        ; None                      ; 8.000 ns                ;
; N/A                                     ; 76.92 MHz ( period = 13.000 ns )                    ; cnt60:u_min|q_ten[2]                          ; cnt24:u_hour|q_ten[1]                         ; clk_1k     ; clk_1k   ; None                        ; None                      ; 8.000 ns                ;
; N/A                                     ; 76.92 MHz ( period = 13.000 ns )                    ; cnt60:u_min|q_ten[3]                          ; cnt24:u_hour|q_ten[1]                         ; clk_1k     ; clk_1k   ; None                        ; None                      ; 8.000 ns                ;
; N/A                                     ; 76.92 MHz ( period = 13.000 ns )                    ; cnt60:u_min|q_ten[1]                          ; cnt24:u_hour|q_ten[1]                         ; clk_1k     ; clk_1k   ; None                        ; None                      ; 8.000 ns                ;
; N/A                                     ; 76.92 MHz ( period = 13.000 ns )                    ; cnt24:u_hour|lpm_counter:q_unit_rtl_0|dffs[0] ; cnt24:u_hour|q_ten[1]                         ; clk_1k     ; clk_1k   ; None                        ; None                      ; 8.000 ns                ;
; N/A                                     ; 76.92 MHz ( period = 13.000 ns )                    ; cnt24:u_hour|lpm_counter:q_unit_rtl_0|dffs[2] ; cnt24:u_hour|q_ten[1]                         ; clk_1k     ; clk_1k   ; None                        ; None                      ; 8.000 ns                ;
; N/A                                     ; 76.92 MHz ( period = 13.000 ns )                    ; cnt24:u_hour|lpm_counter:q_unit_rtl_0|dffs[1] ; cnt24:u_hour|q_ten[1]                         ; clk_1k     ; clk_1k   ; None                        ; None                      ; 8.000 ns                ;
; N/A                                     ; 76.92 MHz ( period = 13.000 ns )                    ; cnt24:u_hour|lpm_counter:q_unit_rtl_0|dffs[3] ; cnt24:u_hour|q_ten[1]                         ; clk_1k     ; clk_1k   ; None                        ; None                      ; 8.000 ns                ;
; N/A                                     ; 76.92 MHz ( period = 13.000 ns )                    ; cnt24:u_hour|q_ten[1]                         ; cnt24:u_hour|q_ten[1]                         ; clk_1k     ; clk_1k   ; None                        ; None                      ; 8.000 ns                ;
; N/A                                     ; 76.92 MHz ( period = 13.000 ns )                    ; cnt24:u_hour|q_ten[2]                         ; cnt24:u_hour|q_ten[1]                         ; clk_1k     ; clk_1k   ; None                        ; None                      ; 8.000 ns                ;
; N/A                                     ; 76.92 MHz ( period = 13.000 ns )                    ; cnt24:u_hour|q_ten[0]                         ; cnt24:u_hour|q_ten[1]                         ; clk_1k     ; clk_1k   ; None                        ; None                      ; 8.000 ns                ;
; N/A                                     ; 76.92 MHz ( period = 13.000 ns )                    ; cnt24:u_hour|q_ten[3]                         ; cnt24:u_hour|q_ten[1]                         ; clk_1k     ; clk_1k   ; None                        ; None                      ; 8.000 ns                ;
; N/A                                     ; 76.92 MHz ( period = 13.000 ns )                    ; clk_ring:u_clk_div|cnt[0]                     ; cnt24:u_hour|q_ten[2]                         ; clk_1k     ; clk_1k   ; None                        ; None                      ; 8.000 ns                ;
; N/A                                     ; 76.92 MHz ( period = 13.000 ns )                    ; clk_ring:u_clk_div|cnt[1]                     ; cnt24:u_hour|q_ten[2]                         ; clk_1k     ; clk_1k   ; None                        ; None                      ; 8.000 ns                ;
; N/A                                     ; 76.92 MHz ( period = 13.000 ns )                    ; clk_ring:u_clk_div|cnt[2]                     ; cnt24:u_hour|q_ten[2]                         ; clk_1k     ; clk_1k   ; None                        ; None                      ; 8.000 ns                ;
; N/A                                     ; 76.92 MHz ( period = 13.000 ns )                    ; clk_ring:u_clk_div|cnt[3]                     ; cnt24:u_hour|q_ten[2]                         ; clk_1k     ; clk_1k   ; None                        ; None                      ; 8.000 ns                ;
; N/A                                     ; 76.92 MHz ( period = 13.000 ns )                    ; clk_ring:u_clk_div|cnt[9]                     ; cnt24:u_hour|q_ten[2]                         ; clk_1k     ; clk_1k   ; None                        ; None                      ; 8.000 ns                ;
; N/A                                     ; 76.92 MHz ( period = 13.000 ns )                    ; clk_ring:u_clk_div|cnt[8]                     ; cnt24:u_hour|q_ten[2]                         ; clk_1k     ; clk_1k   ; None                        ; None                      ; 8.000 ns                ;
; N/A                                     ; 76.92 MHz ( period = 13.000 ns )                    ; clk_ring:u_clk_div|cnt[4]                     ; cnt24:u_hour|q_ten[2]                         ; clk_1k     ; clk_1k   ; None                        ; None                      ; 8.000 ns                ;
; N/A                                     ; 76.92 MHz ( period = 13.000 ns )                    ; clk_ring:u_clk_div|cnt[5]                     ; cnt24:u_hour|q_ten[2]                         ; clk_1k     ; clk_1k   ; None                        ; None                      ; 8.000 ns                ;
; N/A                                     ; 76.92 MHz ( period = 13.000 ns )                    ; clk_ring:u_clk_div|cnt[7]                     ; cnt24:u_hour|q_ten[2]                         ; clk_1k     ; clk_1k   ; None                        ; None                      ; 8.000 ns                ;
; N/A                                     ; 76.92 MHz ( period = 13.000 ns )                    ; clk_ring:u_clk_div|cnt[6]                     ; cnt24:u_hour|q_ten[2]                         ; clk_1k     ; clk_1k   ; None                        ; None                      ; 8.000 ns                ;
; N/A                                     ; 76.92 MHz ( period = 13.000 ns )                    ; cnt60:u_sec|q_unit[0]                         ; cnt24:u_hour|q_ten[2]                         ; clk_1k     ; clk_1k   ; None                        ; None                      ; 8.000 ns                ;
; N/A                                     ; 76.92 MHz ( period = 13.000 ns )                    ; cnt60:u_sec|q_unit[2]                         ; cnt24:u_hour|q_ten[2]                         ; clk_1k     ; clk_1k   ; None                        ; None                      ; 8.000 ns                ;
; N/A                                     ; 76.92 MHz ( period = 13.000 ns )                    ; cnt60:u_sec|q_unit[1]                         ; cnt24:u_hour|q_ten[2]                         ; clk_1k     ; clk_1k   ; None                        ; None                      ; 8.000 ns                ;
; N/A                                     ; 76.92 MHz ( period = 13.000 ns )                    ; cnt60:u_sec|q_unit[3]                         ; cnt24:u_hour|q_ten[2]                         ; clk_1k     ; clk_1k   ; None                        ; None                      ; 8.000 ns                ;
; N/A                                     ; 76.92 MHz ( period = 13.000 ns )                    ; cnt60:u_sec|q_ten[0]                          ; cnt24:u_hour|q_ten[2]                         ; clk_1k     ; clk_1k   ; None                        ; None                      ; 8.000 ns                ;
; N/A                                     ; 76.92 MHz ( period = 13.000 ns )                    ; cnt60:u_sec|q_ten[2]                          ; cnt24:u_hour|q_ten[2]                         ; clk_1k     ; clk_1k   ; None                        ; None                      ; 8.000 ns                ;
; N/A                                     ; 76.92 MHz ( period = 13.000 ns )                    ; cnt60:u_sec|q_ten[3]                          ; cnt24:u_hour|q_ten[2]                         ; clk_1k     ; clk_1k   ; None                        ; None                      ; 8.000 ns                ;
; N/A                                     ; 76.92 MHz ( period = 13.000 ns )                    ; cnt60:u_sec|q_ten[1]                          ; cnt24:u_hour|q_ten[2]                         ; clk_1k     ; clk_1k   ; None                        ; None                      ; 8.000 ns                ;
; N/A                                     ; 76.92 MHz ( period = 13.000 ns )                    ; cnt60:u_min|q_unit[0]                         ; cnt24:u_hour|q_ten[2]                         ; clk_1k     ; clk_1k   ; None                        ; None                      ; 8.000 ns                ;
; N/A                                     ; 76.92 MHz ( period = 13.000 ns )                    ; cnt60:u_min|q_unit[2]                         ; cnt24:u_hour|q_ten[2]                         ; clk_1k     ; clk_1k   ; None                        ; None                      ; 8.000 ns                ;
; N/A                                     ; 76.92 MHz ( period = 13.000 ns )                    ; cnt60:u_min|q_unit[1]                         ; cnt24:u_hour|q_ten[2]                         ; clk_1k     ; clk_1k   ; None                        ; None                      ; 8.000 ns                ;
; N/A                                     ; 76.92 MHz ( period = 13.000 ns )                    ; cnt60:u_min|q_unit[3]                         ; cnt24:u_hour|q_ten[2]                         ; clk_1k     ; clk_1k   ; None                        ; None                      ; 8.000 ns                ;
; N/A                                     ; 76.92 MHz ( period = 13.000 ns )                    ; cnt60:u_min|q_ten[0]                          ; cnt24:u_hour|q_ten[2]                         ; clk_1k     ; clk_1k   ; None                        ; None                      ; 8.000 ns                ;
; N/A                                     ; 76.92 MHz ( period = 13.000 ns )                    ; cnt60:u_min|q_ten[2]                          ; cnt24:u_hour|q_ten[2]                         ; clk_1k     ; clk_1k   ; None                        ; None                      ; 8.000 ns                ;
; N/A                                     ; 76.92 MHz ( period = 13.000 ns )                    ; cnt60:u_min|q_ten[3]                          ; cnt24:u_hour|q_ten[2]                         ; clk_1k     ; clk_1k   ; None                        ; None                      ; 8.000 ns                ;
; N/A                                     ; 76.92 MHz ( period = 13.000 ns )                    ; cnt60:u_min|q_ten[1]                          ; cnt24:u_hour|q_ten[2]                         ; clk_1k     ; clk_1k   ; None                        ; None                      ; 8.000 ns                ;
; N/A                                     ; 76.92 MHz ( period = 13.000 ns )                    ; cnt24:u_hour|lpm_counter:q_unit_rtl_0|dffs[0] ; cnt24:u_hour|q_ten[2]                         ; clk_1k     ; clk_1k   ; None                        ; None                      ; 8.000 ns                ;
; N/A                                     ; 76.92 MHz ( period = 13.000 ns )                    ; cnt24:u_hour|lpm_counter:q_unit_rtl_0|dffs[2] ; cnt24:u_hour|q_ten[2]                         ; clk_1k     ; clk_1k   ; None                        ; None                      ; 8.000 ns                ;
; N/A                                     ; 76.92 MHz ( period = 13.000 ns )                    ; cnt24:u_hour|lpm_counter:q_unit_rtl_0|dffs[1] ; cnt24:u_hour|q_ten[2]                         ; clk_1k     ; clk_1k   ; None                        ; None                      ; 8.000 ns                ;
; N/A                                     ; 76.92 MHz ( period = 13.000 ns )                    ; cnt24:u_hour|lpm_counter:q_unit_rtl_0|dffs[3] ; cnt24:u_hour|q_ten[2]                         ; clk_1k     ; clk_1k   ; None                        ; None                      ; 8.000 ns                ;
; N/A                                     ; 76.92 MHz ( period = 13.000 ns )                    ; cnt24:u_hour|q_ten[1]                         ; cnt24:u_hour|q_ten[2]                         ; clk_1k     ; clk_1k   ; None                        ; None                      ; 8.000 ns                ;
; N/A                                     ; 76.92 MHz ( period = 13.000 ns )                    ; cnt24:u_hour|q_ten[2]                         ; cnt24:u_hour|q_ten[2]                         ; clk_1k     ; clk_1k   ; None                        ; None                      ; 8.000 ns                ;
; N/A                                     ; 76.92 MHz ( period = 13.000 ns )                    ; cnt24:u_hour|q_ten[0]                         ; cnt24:u_hour|q_ten[2]                         ; clk_1k     ; clk_1k   ; None                        ; None                      ; 8.000 ns                ;
; N/A                                     ; 76.92 MHz ( period = 13.000 ns )                    ; clk_ring:u_clk_div|cnt[0]                     ; cnt24:u_hour|q_ten[0]                         ; clk_1k     ; clk_1k   ; None                        ; None                      ; 8.000 ns                ;
; N/A                                     ; 76.92 MHz ( period = 13.000 ns )                    ; clk_ring:u_clk_div|cnt[1]                     ; cnt24:u_hour|q_ten[0]                         ; clk_1k     ; clk_1k   ; None                        ; None                      ; 8.000 ns                ;
; N/A                                     ; 76.92 MHz ( period = 13.000 ns )                    ; clk_ring:u_clk_div|cnt[2]                     ; cnt24:u_hour|q_ten[0]                         ; clk_1k     ; clk_1k   ; None                        ; None                      ; 8.000 ns                ;
; N/A                                     ; 76.92 MHz ( period = 13.000 ns )                    ; clk_ring:u_clk_div|cnt[3]                     ; cnt24:u_hour|q_ten[0]                         ; clk_1k     ; clk_1k   ; None                        ; None                      ; 8.000 ns                ;
; N/A                                     ; 76.92 MHz ( period = 13.000 ns )                    ; clk_ring:u_clk_div|cnt[9]                     ; cnt24:u_hour|q_ten[0]                         ; clk_1k     ; clk_1k   ; None                        ; None                      ; 8.000 ns                ;
; N/A                                     ; 76.92 MHz ( period = 13.000 ns )                    ; clk_ring:u_clk_div|cnt[8]                     ; cnt24:u_hour|q_ten[0]                         ; clk_1k     ; clk_1k   ; None                        ; None                      ; 8.000 ns                ;
; N/A                                     ; 76.92 MHz ( period = 13.000 ns )                    ; clk_ring:u_clk_div|cnt[4]                     ; cnt24:u_hour|q_ten[0]                         ; clk_1k     ; clk_1k   ; None                        ; None                      ; 8.000 ns                ;
; N/A                                     ; 76.92 MHz ( period = 13.000 ns )                    ; clk_ring:u_clk_div|cnt[5]                     ; cnt24:u_hour|q_ten[0]                         ; clk_1k     ; clk_1k   ; None                        ; None                      ; 8.000 ns                ;
; N/A                                     ; 76.92 MHz ( period = 13.000 ns )                    ; clk_ring:u_clk_div|cnt[7]                     ; cnt24:u_hour|q_ten[0]                         ; clk_1k     ; clk_1k   ; None                        ; None                      ; 8.000 ns                ;
; N/A                                     ; 76.92 MHz ( period = 13.000 ns )                    ; clk_ring:u_clk_div|cnt[6]                     ; cnt24:u_hour|q_ten[0]                         ; clk_1k     ; clk_1k   ; None                        ; None                      ; 8.000 ns                ;
; N/A                                     ; 76.92 MHz ( period = 13.000 ns )                    ; cnt60:u_sec|q_unit[0]                         ; cnt24:u_hour|q_ten[0]                         ; clk_1k     ; clk_1k   ; None                        ; None                      ; 8.000 ns                ;
; N/A                                     ; 76.92 MHz ( period = 13.000 ns )                    ; cnt60:u_sec|q_unit[2]                         ; cnt24:u_hour|q_ten[0]                         ; clk_1k     ; clk_1k   ; None                        ; None                      ; 8.000 ns                ;
; N/A                                     ; 76.92 MHz ( period = 13.000 ns )                    ; cnt60:u_sec|q_unit[1]                         ; cnt24:u_hour|q_ten[0]                         ; clk_1k     ; clk_1k   ; None                        ; None                      ; 8.000 ns                ;
; N/A                                     ; 76.92 MHz ( period = 13.000 ns )                    ; cnt60:u_sec|q_unit[3]                         ; cnt24:u_hour|q_ten[0]                         ; clk_1k     ; clk_1k   ; None                        ; None                      ; 8.000 ns                ;
; N/A                                     ; 76.92 MHz ( period = 13.000 ns )                    ; cnt60:u_sec|q_ten[0]                          ; cnt24:u_hour|q_ten[0]                         ; clk_1k     ; clk_1k   ; None                        ; None                      ; 8.000 ns                ;
; N/A                                     ; 76.92 MHz ( period = 13.000 ns )                    ; cnt60:u_sec|q_ten[2]                          ; cnt24:u_hour|q_ten[0]                         ; clk_1k     ; clk_1k   ; None                        ; None                      ; 8.000 ns                ;
; N/A                                     ; 76.92 MHz ( period = 13.000 ns )                    ; cnt60:u_sec|q_ten[3]                          ; cnt24:u_hour|q_ten[0]                         ; clk_1k     ; clk_1k   ; None                        ; None                      ; 8.000 ns                ;
; N/A                                     ; 76.92 MHz ( period = 13.000 ns )                    ; cnt60:u_sec|q_ten[1]                          ; cnt24:u_hour|q_ten[0]                         ; clk_1k     ; clk_1k   ; None                        ; None                      ; 8.000 ns                ;
; N/A                                     ; 76.92 MHz ( period = 13.000 ns )                    ; cnt60:u_min|q_unit[0]                         ; cnt24:u_hour|q_ten[0]                         ; clk_1k     ; clk_1k   ; None                        ; None                      ; 8.000 ns                ;
; N/A                                     ; 76.92 MHz ( period = 13.000 ns )                    ; cnt60:u_min|q_unit[2]                         ; cnt24:u_hour|q_ten[0]                         ; clk_1k     ; clk_1k   ; None                        ; None                      ; 8.000 ns                ;
; N/A                                     ; 76.92 MHz ( period = 13.000 ns )                    ; cnt60:u_min|q_unit[1]                         ; cnt24:u_hour|q_ten[0]                         ; clk_1k     ; clk_1k   ; None                        ; None                      ; 8.000 ns                ;
; N/A                                     ; 76.92 MHz ( period = 13.000 ns )                    ; cnt60:u_min|q_unit[3]                         ; cnt24:u_hour|q_ten[0]                         ; clk_1k     ; clk_1k   ; None                        ; None                      ; 8.000 ns                ;
; N/A                                     ; 76.92 MHz ( period = 13.000 ns )                    ; cnt60:u_min|q_ten[0]                          ; cnt24:u_hour|q_ten[0]                         ; clk_1k     ; clk_1k   ; None                        ; None                      ; 8.000 ns                ;
; N/A                                     ; 76.92 MHz ( period = 13.000 ns )                    ; cnt60:u_min|q_ten[2]                          ; cnt24:u_hour|q_ten[0]                         ; clk_1k     ; clk_1k   ; None                        ; None                      ; 8.000 ns                ;
; N/A                                     ; 76.92 MHz ( period = 13.000 ns )                    ; cnt60:u_min|q_ten[3]                          ; cnt24:u_hour|q_ten[0]                         ; clk_1k     ; clk_1k   ; None                        ; None                      ; 8.000 ns                ;
; N/A                                     ; 76.92 MHz ( period = 13.000 ns )                    ; cnt60:u_min|q_ten[1]                          ; cnt24:u_hour|q_ten[0]                         ; clk_1k     ; clk_1k   ; None                        ; None                      ; 8.000 ns                ;
; N/A                                     ; 76.92 MHz ( period = 13.000 ns )                    ; cnt24:u_hour|lpm_counter:q_unit_rtl_0|dffs[0] ; cnt24:u_hour|q_ten[0]                         ; clk_1k     ; clk_1k   ; None                        ; None                      ; 8.000 ns                ;
; N/A                                     ; 76.92 MHz ( period = 13.000 ns )                    ; cnt24:u_hour|lpm_counter:q_unit_rtl_0|dffs[2] ; cnt24:u_hour|q_ten[0]                         ; clk_1k     ; clk_1k   ; None                        ; None                      ; 8.000 ns                ;
; N/A                                     ; 76.92 MHz ( period = 13.000 ns )                    ; cnt24:u_hour|lpm_counter:q_unit_rtl_0|dffs[1] ; cnt24:u_hour|q_ten[0]                         ; clk_1k     ; clk_1k   ; None                        ; None                      ; 8.000 ns                ;
; N/A                                     ; 76.92 MHz ( period = 13.000 ns )                    ; cnt24:u_hour|lpm_counter:q_unit_rtl_0|dffs[3] ; cnt24:u_hour|q_ten[0]                         ; clk_1k     ; clk_1k   ; None                        ; None                      ; 8.000 ns                ;
; N/A                                     ; 76.92 MHz ( period = 13.000 ns )                    ; cnt24:u_hour|q_ten[0]                         ; cnt24:u_hour|q_ten[0]                         ; clk_1k     ; clk_1k   ; None                        ; None                      ; 8.000 ns                ;
; N/A                                     ; 76.92 MHz ( period = 13.000 ns )                    ; clk_ring:u_clk_div|cnt[0]                     ; cnt24:u_hour|q_ten[3]                         ; clk_1k     ; clk_1k   ; None                        ; None                      ; 8.000 ns                ;
; N/A                                     ; 76.92 MHz ( period = 13.000 ns )                    ; clk_ring:u_clk_div|cnt[1]                     ; cnt24:u_hour|q_ten[3]                         ; clk_1k     ; clk_1k   ; None                        ; None                      ; 8.000 ns                ;
; N/A                                     ; 76.92 MHz ( period = 13.000 ns )                    ; clk_ring:u_clk_div|cnt[2]                     ; cnt24:u_hour|q_ten[3]                         ; clk_1k     ; clk_1k   ; None                        ; None                      ; 8.000 ns                ;
; N/A                                     ; 76.92 MHz ( period = 13.000 ns )                    ; clk_ring:u_clk_div|cnt[3]                     ; cnt24:u_hour|q_ten[3]                         ; clk_1k     ; clk_1k   ; None                        ; None                      ; 8.000 ns                ;
; N/A                                     ; 76.92 MHz ( period = 13.000 ns )                    ; clk_ring:u_clk_div|cnt[9]                     ; cnt24:u_hour|q_ten[3]                         ; clk_1k     ; clk_1k   ; None                        ; None                      ; 8.000 ns                ;
; N/A                                     ; 76.92 MHz ( period = 13.000 ns )                    ; clk_ring:u_clk_div|cnt[8]                     ; cnt24:u_hour|q_ten[3]                         ; clk_1k     ; clk_1k   ; None                        ; None                      ; 8.000 ns                ;
; N/A                                     ; 76.92 MHz ( period = 13.000 ns )                    ; clk_ring:u_clk_div|cnt[4]                     ; cnt24:u_hour|q_ten[3]                         ; clk_1k     ; clk_1k   ; None                        ; None                      ; 8.000 ns                ;
; N/A                                     ; 76.92 MHz ( period = 13.000 ns )                    ; clk_ring:u_clk_div|cnt[5]                     ; cnt24:u_hour|q_ten[3]                         ; clk_1k     ; clk_1k   ; None                        ; None                      ; 8.000 ns                ;
; N/A                                     ; 76.92 MHz ( period = 13.000 ns )                    ; clk_ring:u_clk_div|cnt[7]                     ; cnt24:u_hour|q_ten[3]                         ; clk_1k     ; clk_1k   ; None                        ; None                      ; 8.000 ns                ;
; N/A                                     ; 76.92 MHz ( period = 13.000 ns )                    ; clk_ring:u_clk_div|cnt[6]                     ; cnt24:u_hour|q_ten[3]                         ; clk_1k     ; clk_1k   ; None                        ; None                      ; 8.000 ns                ;
; N/A                                     ; 76.92 MHz ( period = 13.000 ns )                    ; cnt60:u_sec|q_unit[0]                         ; cnt24:u_hour|q_ten[3]                         ; clk_1k     ; clk_1k   ; None                        ; None                      ; 8.000 ns                ;
; N/A                                     ; 76.92 MHz ( period = 13.000 ns )                    ; cnt60:u_sec|q_unit[2]                         ; cnt24:u_hour|q_ten[3]                         ; clk_1k     ; clk_1k   ; None                        ; None                      ; 8.000 ns                ;
; N/A                                     ; 76.92 MHz ( period = 13.000 ns )                    ; cnt60:u_sec|q_unit[1]                         ; cnt24:u_hour|q_ten[3]                         ; clk_1k     ; clk_1k   ; None                        ; None                      ; 8.000 ns                ;
; N/A                                     ; 76.92 MHz ( period = 13.000 ns )                    ; cnt60:u_sec|q_unit[3]                         ; cnt24:u_hour|q_ten[3]                         ; clk_1k     ; clk_1k   ; None                        ; None                      ; 8.000 ns                ;
; N/A                                     ; 76.92 MHz ( period = 13.000 ns )                    ; cnt60:u_sec|q_ten[0]                          ; cnt24:u_hour|q_ten[3]                         ; clk_1k     ; clk_1k   ; None                        ; None                      ; 8.000 ns                ;
; N/A                                     ; 76.92 MHz ( period = 13.000 ns )                    ; cnt60:u_sec|q_ten[2]                          ; cnt24:u_hour|q_ten[3]                         ; clk_1k     ; clk_1k   ; None                        ; None                      ; 8.000 ns                ;
; N/A                                     ; 76.92 MHz ( period = 13.000 ns )                    ; cnt60:u_sec|q_ten[3]                          ; cnt24:u_hour|q_ten[3]                         ; clk_1k     ; clk_1k   ; None                        ; None                      ; 8.000 ns                ;
; N/A                                     ; 76.92 MHz ( period = 13.000 ns )                    ; cnt60:u_sec|q_ten[1]                          ; cnt24:u_hour|q_ten[3]                         ; clk_1k     ; clk_1k   ; None                        ; None                      ; 8.000 ns                ;
; N/A                                     ; 76.92 MHz ( period = 13.000 ns )                    ; cnt60:u_min|q_unit[0]                         ; cnt24:u_hour|q_ten[3]                         ; clk_1k     ; clk_1k   ; None                        ; None                      ; 8.000 ns                ;
; N/A                                     ; 76.92 MHz ( period = 13.000 ns )                    ; cnt60:u_min|q_unit[2]                         ; cnt24:u_hour|q_ten[3]                         ; clk_1k     ; clk_1k   ; None                        ; None                      ; 8.000 ns                ;
; N/A                                     ; 76.92 MHz ( period = 13.000 ns )                    ; cnt60:u_min|q_unit[1]                         ; cnt24:u_hour|q_ten[3]                         ; clk_1k     ; clk_1k   ; None                        ; None                      ; 8.000 ns                ;
; N/A                                     ; 76.92 MHz ( period = 13.000 ns )                    ; cnt60:u_min|q_unit[3]                         ; cnt24:u_hour|q_ten[3]                         ; clk_1k     ; clk_1k   ; None                        ; None                      ; 8.000 ns                ;
; N/A                                     ; 76.92 MHz ( period = 13.000 ns )                    ; cnt60:u_min|q_ten[0]                          ; cnt24:u_hour|q_ten[3]                         ; clk_1k     ; clk_1k   ; None                        ; None                      ; 8.000 ns                ;
; N/A                                     ; 76.92 MHz ( period = 13.000 ns )                    ; cnt60:u_min|q_ten[2]                          ; cnt24:u_hour|q_ten[3]                         ; clk_1k     ; clk_1k   ; None                        ; None                      ; 8.000 ns                ;
; N/A                                     ; 76.92 MHz ( period = 13.000 ns )                    ; cnt60:u_min|q_ten[3]                          ; cnt24:u_hour|q_ten[3]                         ; clk_1k     ; clk_1k   ; None                        ; None                      ; 8.000 ns                ;
; N/A                                     ; 76.92 MHz ( period = 13.000 ns )                    ; cnt60:u_min|q_ten[1]                          ; cnt24:u_hour|q_ten[3]                         ; clk_1k     ; clk_1k   ; None                        ; None                      ; 8.000 ns                ;
; N/A                                     ; 76.92 MHz ( period = 13.000 ns )                    ; cnt24:u_hour|lpm_counter:q_unit_rtl_0|dffs[0] ; cnt24:u_hour|q_ten[3]                         ; clk_1k     ; clk_1k   ; None                        ; None                      ; 8.000 ns                ;
; N/A                                     ; 76.92 MHz ( period = 13.000 ns )                    ; cnt24:u_hour|lpm_counter:q_unit_rtl_0|dffs[2] ; cnt24:u_hour|q_ten[3]                         ; clk_1k     ; clk_1k   ; None                        ; None                      ; 8.000 ns                ;
; N/A                                     ; 76.92 MHz ( period = 13.000 ns )                    ; cnt24:u_hour|lpm_counter:q_unit_rtl_0|dffs[1] ; cnt24:u_hour|q_ten[3]                         ; clk_1k     ; clk_1k   ; None                        ; None                      ; 8.000 ns                ;
; N/A                                     ; 76.92 MHz ( period = 13.000 ns )                    ; cnt24:u_hour|lpm_counter:q_unit_rtl_0|dffs[3] ; cnt24:u_hour|q_ten[3]                         ; clk_1k     ; clk_1k   ; None                        ; None                      ; 8.000 ns                ;
; N/A                                     ; 76.92 MHz ( period = 13.000 ns )                    ; cnt24:u_hour|q_ten[1]                         ; cnt24:u_hour|q_ten[3]                         ; clk_1k     ; clk_1k   ; None                        ; None                      ; 8.000 ns                ;
; N/A                                     ; 76.92 MHz ( period = 13.000 ns )                    ; cnt24:u_hour|q_ten[2]                         ; cnt24:u_hour|q_ten[3]                         ; clk_1k     ; clk_1k   ; None                        ; None                      ; 8.000 ns                ;
; N/A                                     ; 76.92 MHz ( period = 13.000 ns )                    ; cnt24:u_hour|q_ten[0]                         ; cnt24:u_hour|q_ten[3]                         ; clk_1k     ; clk_1k   ; None                        ; None                      ; 8.000 ns                ;
; Timing analysis restricted to 200 rows. ; To change the limit use Settings (Assignments menu) ;                                               ;                                               ;            ;          ;                             ;                           ;                         ;
+-----------------------------------------+-----------------------------------------------------+-----------------------------------------------+-----------------------------------------------+------------+----------+-----------------------------+---------------------------+-------------------------+


+-------------------------------------------------------------------------------------------------------------------+
; tco                                                                                                               ;
+-------+--------------+------------+-----------------------------------------------+------------------+------------+
; Slack ; Required tco ; Actual tco ; From                                          ; To               ; From Clock ;
+-------+--------------+------------+-----------------------------------------------+------------------+------------+
; N/A   ; None         ; 24.000 ns  ; cnt60:u_sec|q_unit[0]                         ; sec_unit_seg[3]  ; clk_1k     ;
; N/A   ; None         ; 24.000 ns  ; cnt60:u_sec|q_unit[2]                         ; sec_unit_seg[3]  ; clk_1k     ;
; N/A   ; None         ; 24.000 ns  ; cnt60:u_sec|q_unit[1]                         ; sec_unit_seg[3]  ; clk_1k     ;
; N/A   ; None         ; 24.000 ns  ; cnt60:u_sec|q_unit[3]                         ; sec_unit_seg[3]  ; clk_1k     ;
; N/A   ; None         ; 24.000 ns  ; cnt60:u_sec|q_unit[0]                         ; sec_unit_seg[1]  ; clk_1k     ;
; N/A   ; None         ; 24.000 ns  ; cnt60:u_sec|q_unit[2]                         ; sec_unit_seg[1]  ; clk_1k     ;
; N/A   ; None         ; 24.000 ns  ; cnt60:u_sec|q_unit[1]                         ; sec_unit_seg[1]  ; clk_1k     ;
; N/A   ; None         ; 24.000 ns  ; cnt60:u_sec|q_unit[3]                         ; sec_unit_seg[1]  ; clk_1k     ;
; N/A   ; None         ; 24.000 ns  ; cnt60:u_sec|q_unit[0]                         ; sec_unit_seg[6]  ; clk_1k     ;
; N/A   ; None         ; 24.000 ns  ; cnt60:u_sec|q_unit[2]                         ; sec_unit_seg[6]  ; clk_1k     ;
; N/A   ; None         ; 24.000 ns  ; cnt60:u_sec|q_unit[1]                         ; sec_unit_seg[6]  ; clk_1k     ;
; N/A   ; None         ; 24.000 ns  ; cnt60:u_sec|q_unit[3]                         ; sec_unit_seg[6]  ; clk_1k     ;
; N/A   ; None         ; 24.000 ns  ; cnt60:u_sec|q_unit[0]                         ; sec_unit_seg[2]  ; clk_1k     ;
; N/A   ; None         ; 24.000 ns  ; cnt60:u_sec|q_unit[2]                         ; sec_unit_seg[2]  ; clk_1k     ;
; N/A   ; None         ; 24.000 ns  ; cnt60:u_sec|q_unit[1]                         ; sec_unit_seg[2]  ; clk_1k     ;
; N/A   ; None         ; 24.000 ns  ; cnt60:u_sec|q_unit[3]                         ; sec_unit_seg[2]  ; clk_1k     ;
; N/A   ; None         ; 24.000 ns  ; cnt60:u_sec|q_unit[0]                         ; sec_unit_seg[0]  ; clk_1k     ;
; N/A   ; None         ; 24.000 ns  ; cnt60:u_sec|q_unit[2]                         ; sec_unit_seg[0]  ; clk_1k     ;
; N/A   ; None         ; 24.000 ns  ; cnt60:u_sec|q_unit[1]                         ; sec_unit_seg[0]  ; clk_1k     ;
; N/A   ; None         ; 24.000 ns  ; cnt60:u_sec|q_unit[3]                         ; sec_unit_seg[0]  ; clk_1k     ;
; N/A   ; None         ; 24.000 ns  ; cnt60:u_sec|q_unit[0]                         ; sec_unit_seg[5]  ; clk_1k     ;
; N/A   ; None         ; 24.000 ns  ; cnt60:u_sec|q_unit[2]                         ; sec_unit_seg[5]  ; clk_1k     ;
; N/A   ; None         ; 24.000 ns  ; cnt60:u_sec|q_unit[1]                         ; sec_unit_seg[5]  ; clk_1k     ;
; N/A   ; None         ; 24.000 ns  ; cnt60:u_sec|q_unit[3]                         ; sec_unit_seg[5]  ; clk_1k     ;
; N/A   ; None         ; 24.000 ns  ; cnt60:u_sec|q_unit[0]                         ; sec_unit_seg[4]  ; clk_1k     ;
; N/A   ; None         ; 24.000 ns  ; cnt60:u_sec|q_unit[2]                         ; sec_unit_seg[4]  ; clk_1k     ;
; N/A   ; None         ; 24.000 ns  ; cnt60:u_sec|q_unit[1]                         ; sec_unit_seg[4]  ; clk_1k     ;
; N/A   ; None         ; 24.000 ns  ; cnt60:u_sec|q_unit[3]                         ; sec_unit_seg[4]  ; clk_1k     ;
; N/A   ; None         ; 15.000 ns  ; cnt24:u_hour|lpm_counter:q_unit_rtl_0|dffs[1] ; hour_unit_bcd[1] ; clk_1k     ;
; N/A   ; None         ; 15.000 ns  ; cnt24:u_hour|q_ten[3]                         ; hour_ten_bcd[3]  ; clk_1k     ;
; N/A   ; None         ; 15.000 ns  ; cnt24:u_hour|q_ten[2]                         ; hour_ten_bcd[2]  ; clk_1k     ;
; N/A   ; None         ; 15.000 ns  ; cnt24:u_hour|q_ten[1]                         ; hour_ten_bcd[1]  ; clk_1k     ;
; N/A   ; None         ; 15.000 ns  ; cnt24:u_hour|q_ten[0]                         ; hour_ten_bcd[0]  ; clk_1k     ;
; N/A   ; None         ; 15.000 ns  ; cnt24:u_hour|lpm_counter:q_unit_rtl_0|dffs[3] ; hour_unit_bcd[3] ; clk_1k     ;
; N/A   ; None         ; 15.000 ns  ; cnt24:u_hour|lpm_counter:q_unit_rtl_0|dffs[2] ; hour_unit_bcd[2] ; clk_1k     ;
; N/A   ; None         ; 15.000 ns  ; cnt60:u_min|q_ten[1]                          ; min_ten_bcd[1]   ; clk_1k     ;
; N/A   ; None         ; 15.000 ns  ; cnt24:u_hour|lpm_counter:q_unit_rtl_0|dffs[0] ; hour_unit_bcd[0] ; clk_1k     ;
; N/A   ; None         ; 15.000 ns  ; cnt60:u_min|q_ten[3]                          ; min_ten_bcd[3]   ; clk_1k     ;
; N/A   ; None         ; 15.000 ns  ; cnt60:u_min|q_ten[2]                          ; min_ten_bcd[2]   ; clk_1k     ;
; N/A   ; None         ; 15.000 ns  ; cnt60:u_min|q_ten[0]                          ; min_ten_bcd[0]   ; clk_1k     ;
; N/A   ; None         ; 15.000 ns  ; cnt60:u_min|q_unit[1]                         ; min_unit_bcd[1]  ; clk_1k     ;
; N/A   ; None         ; 15.000 ns  ; cnt60:u_min|q_unit[3]                         ; min_unit_bcd[3]  ; clk_1k     ;
; N/A   ; None         ; 15.000 ns  ; cnt60:u_min|q_unit[2]                         ; min_unit_bcd[2]  ; clk_1k     ;
; N/A   ; None         ; 15.000 ns  ; cnt60:u_sec|q_ten[1]                          ; sec_ten_bcd[1]   ; clk_1k     ;
; N/A   ; None         ; 15.000 ns  ; cnt60:u_min|q_unit[0]                         ; min_unit_bcd[0]  ; clk_1k     ;
; N/A   ; None         ; 15.000 ns  ; cnt60:u_sec|q_ten[3]                          ; sec_ten_bcd[3]   ; clk_1k     ;
; N/A   ; None         ; 15.000 ns  ; cnt60:u_sec|q_ten[2]                          ; sec_ten_bcd[2]   ; clk_1k     ;
; N/A   ; None         ; 15.000 ns  ; cnt60:u_sec|q_ten[0]                          ; sec_ten_bcd[0]   ; clk_1k     ;
+-------+--------------+------------+-----------------------------------------------+------------------+------------+


+--------------------------+
; Timing Analyzer Messages ;
+--------------------------+
Info: *******************************************************************
Info: Running Quartus II Classic Timing Analyzer
    Info: Version 9.0 Build 235 06/17/2009 Service Pack 2 SJ Web Edition
    Info: Processing started: Fri Mar 27 11:59:53 2026
Info: Command: quartus_tan --read_settings_files=off --write_settings_files=off clock -c clock
Info: Started post-fitting delay annotation
Info: Delay annotation completed successfully
Warning: Timing Analysis does not support the analysis of latches as synchronous elements for the currently selected device family
Warning: Found pins functioning as undefined clocks and/or memory enables
    Info: Assuming node "clk_1k" is an undefined clock
Info: Clock "clk_1k" has Internal fmax of 71.43 MHz between source register "clk_ring:u_clk_div|cnt[0]" and destination register "clk_ring:u_clk_div|cnt[3]" (period= 14.0 ns)
    Info: + Longest register to register delay is 9.000 ns
        Info: 1: + IC(0.000 ns) + CELL(0.000 ns) = 0.000 ns; Loc. = LC29; Fanout = 62; REG Node = 'clk_ring:u_clk_div|cnt[0]'
        Info: 2: + IC(2.000 ns) + CELL(6.000 ns) = 8.000 ns; Loc. = LC22; Fanout = 1; COMB Node = 'clk_ring:u_clk_div|cnt~61'
        Info: 3: + IC(0.000 ns) + CELL(1.000 ns) = 9.000 ns; Loc. = LC23; Fanout = 60; REG Node = 'clk_ring:u_clk_div|cnt[3]'
        Info: Total cell delay = 7.000 ns ( 77.78 % )
        Info: Total interconnect delay = 2.000 ns ( 22.22 % )
    Info: - Smallest clock skew is 0.000 ns
        Info: + Shortest clock path from clock "clk_1k" to destination register is 10.000 ns
            Info: 1: + IC(0.000 ns) + CELL(2.000 ns) = 2.000 ns; Loc. = PIN_57; Fanout = 34; CLK Node = 'clk_1k'
            Info: 2: + IC(2.000 ns) + CELL(6.000 ns) = 10.000 ns; Loc. = LC23; Fanout = 60; REG Node = 'clk_ring:u_clk_div|cnt[3]'
            Info: Total cell delay = 8.000 ns ( 80.00 % )
            Info: Total interconnect delay = 2.000 ns ( 20.00 % )
        Info: - Longest clock path from clock "clk_1k" to source register is 10.000 ns
            Info: 1: + IC(0.000 ns) + CELL(2.000 ns) = 2.000 ns; Loc. = PIN_57; Fanout = 34; CLK Node = 'clk_1k'
            Info: 2: + IC(2.000 ns) + CELL(6.000 ns) = 10.000 ns; Loc. = LC29; Fanout = 62; REG Node = 'clk_ring:u_clk_div|cnt[0]'
            Info: Total cell delay = 8.000 ns ( 80.00 % )
            Info: Total interconnect delay = 2.000 ns ( 20.00 % )
    Info: + Micro clock to output delay of source is 1.000 ns
    Info: + Micro setup delay of destination is 4.000 ns
Info: tco from clock "clk_1k" to destination pin "sec_unit_seg[3]" through register "cnt60:u_sec|q_unit[0]" is 24.000 ns
    Info: + Longest clock path from clock "clk_1k" to source register is 10.000 ns
        Info: 1: + IC(0.000 ns) + CELL(2.000 ns) = 2.000 ns; Loc. = PIN_57; Fanout = 34; CLK Node = 'clk_1k'
        Info: 2: + IC(2.000 ns) + CELL(6.000 ns) = 10.000 ns; Loc. = LC20; Fanout = 57; REG Node = 'cnt60:u_sec|q_unit[0]'
        Info: Total cell delay = 8.000 ns ( 80.00 % )
        Info: Total interconnect delay = 2.000 ns ( 20.00 % )
    Info: + Micro clock to output delay of source is 1.000 ns
    Info: + Longest register to pin delay is 13.000 ns
        Info: 1: + IC(0.000 ns) + CELL(0.000 ns) = 0.000 ns; Loc. = LC20; Fanout = 57; REG Node = 'cnt60:u_sec|q_unit[0]'
        Info: 2: + IC(2.000 ns) + CELL(7.000 ns) = 9.000 ns; Loc. = LC72; Fanout = 1; COMB Node = 'seg_7:seg_s_u|WideOr3~8'
        Info: 3: + IC(0.000 ns) + CELL(4.000 ns) = 13.000 ns; Loc. = PIN_48; Fanout = 0; PIN Node = 'sec_unit_seg[3]'
        Info: Total cell delay = 11.000 ns ( 84.62 % )
        Info: Total interconnect delay = 2.000 ns ( 15.38 % )
Info: Quartus II Classic Timing Analyzer was successful. 0 errors, 2 warnings
    Info: Peak virtual memory: 187 megabytes
    Info: Processing ended: Fri Mar 27 11:59:53 2026
    Info: Elapsed time: 00:00:00
    Info: Total CPU time (on all processors): 00:00:00


